\BOOKMARK [0][-]{chapter.1}{What are Monte Carlo Methods?}{}% 1
\BOOKMARK [1][-]{section.1.1}{Overview}{chapter.1}% 2
\BOOKMARK [1][-]{section.1.2}{An Interesting Classic Example}{chapter.1}% 3
\BOOKMARK [1][-]{section.1.3}{Simulating Card Games for Fun and Profit}{chapter.1}% 4
\BOOKMARK [0][-]{chapter.2}{About Randomness}{}% 5
\BOOKMARK [1][-]{section.2.1}{How Computers Generate Random Numbers}{chapter.2}% 6
\BOOKMARK [0][-]{chapter.3}{Testing out random number generators: Flip a coin many times}{}% 7
\BOOKMARK [0][-]{chapter.4}{Parallel Code with Threads}{}% 8
\BOOKMARK [1][-]{section.4.1}{OpenMP: C/C++ aid for providing threads}{chapter.4}% 9
\BOOKMARK [1][-]{section.4.2}{For loop parallelization}{chapter.4}% 10
\BOOKMARK [1][-]{section.4.3}{Next step: using OpenMP}{chapter.4}% 11
\BOOKMARK [0][-]{chapter.5}{Coin-flipping in Parallel}{}% 12
\BOOKMARK [1][-]{section.5.1}{Some notes about this code}{chapter.5}% 13
\BOOKMARK [0][-]{chapter.6}{Roulette Simulation}{}% 14
\BOOKMARK [1][-]{section.6.1}{Parallelism to the Rescue}{chapter.6}% 15
\BOOKMARK [0][-]{chapter.7}{Drawing Four Cards of the Same Suit}{}% 16
\BOOKMARK [1][-]{section.7.1}{Code Files}{chapter.7}% 17
\BOOKMARK [1][-]{section.7.2}{Sequential code}{chapter.7}% 18
\BOOKMARK [1][-]{section.7.3}{Open MP Version}{chapter.7}% 19
\BOOKMARK [0][-]{chapter.8}{Plinko from the Price is Right}{}% 20
\BOOKMARK [1][-]{section.8.1}{An Exercise for You to Try}{chapter.8}% 21
\BOOKMARK [1][-]{section.8.2}{Questions you could answer}{chapter.8}% 22
\BOOKMARK [0][-]{chapter.9}{Exercises}{}% 23
\BOOKMARK [0][-]{chapter.10}{Advanced Topic: Seeds For Different Threads}{}% 24
\BOOKMARK [1][-]{section.10.1}{Try this yourself}{chapter.10}% 25
