\BOOKMARK [0][-]{chapter.1}{Introduction}{}% 1
\BOOKMARK [1][-]{section.1.1}{What is GPU?}{chapter.1}% 2
\BOOKMARK [1][-]{section.1.2}{What is the difference between GPU and CPU?}{chapter.1}% 3
\BOOKMARK [1][-]{section.1.3}{What is the advantage of using GPU for computation?}{chapter.1}% 4
\BOOKMARK [1][-]{section.1.4}{What are the important parts inside a GPU?}{chapter.1}% 5
\BOOKMARK [1][-]{section.1.5}{How does CUDA connect with hardware?}{chapter.1}% 6
\BOOKMARK [1][-]{section.1.6}{Is CUDA the only GPU programming language available?}{chapter.1}% 7
\BOOKMARK [0][-]{chapter.2}{CUDA Intro}{}% 8
\BOOKMARK [1][-]{section.2.1}{Acknowledgement}{chapter.2}% 9
\BOOKMARK [1][-]{section.2.2}{An Example of Vector Addition}{chapter.2}% 10
\BOOKMARK [1][-]{section.2.3}{Vector Addition with Blocks}{chapter.2}% 11
\BOOKMARK [1][-]{section.2.4}{Vector Addition with Blocks and Threads}{chapter.2}% 12
\BOOKMARK [0][-]{chapter.3}{Thread Advance}{}% 13
\BOOKMARK [1][-]{section.3.1}{Acknowledgement}{chapter.3}% 14
\BOOKMARK [1][-]{section.3.2}{Vector Dot Product}{chapter.3}% 15
\BOOKMARK [1][-]{section.3.3}{Vector Dot Product with Reduction}{chapter.3}% 16
\BOOKMARK [0][-]{chapter.4}{CUDA in Two-dimension}{}% 17
\BOOKMARK [1][-]{section.4.1}{Acknowledgement}{chapter.4}% 18
\BOOKMARK [1][-]{section.4.2}{An Example of Matrix Multiplication}{chapter.4}% 19
\BOOKMARK [1][-]{section.4.3}{Global Memory Version}{chapter.4}% 20
\BOOKMARK [1][-]{section.4.4}{CUDA Memory Types}{chapter.4}% 21
\BOOKMARK [1][-]{section.4.5}{Shared Memory Version}{chapter.4}% 22
\BOOKMARK [0][-]{chapter.5}{Ray Tracing and Constant Memory}{}% 23
\BOOKMARK [1][-]{section.5.1}{Acknowledgement}{chapter.5}% 24
\BOOKMARK [1][-]{section.5.2}{Basics of Ray Tracing}{chapter.5}% 25
\BOOKMARK [1][-]{section.5.3}{Notes for Compile}{chapter.5}% 26
\BOOKMARK [1][-]{section.5.4}{Ray Tracing Without Constant Memory}{chapter.5}% 27
\BOOKMARK [1][-]{section.5.5}{Constant Memory}{chapter.5}% 28
\BOOKMARK [1][-]{section.5.6}{Ray Tracing With Constant Memory}{chapter.5}% 29
