\BOOKMARK [0][-]{chapter.1}{Introduction}{}
\BOOKMARK [1][-]{section.1.1}{What is GPU?}{chapter.1}
\BOOKMARK [1][-]{section.1.2}{What is the difference between GPU and CPU?}{chapter.1}
\BOOKMARK [1][-]{section.1.3}{What is the advantage of using GPU for computation?}{chapter.1}
\BOOKMARK [1][-]{section.1.4}{What are the important parts inside a GPU?}{chapter.1}
\BOOKMARK [1][-]{section.1.5}{How does CUDA connect with hardware?}{chapter.1}
\BOOKMARK [1][-]{section.1.6}{Is CUDA the only GPU programming language available?}{chapter.1}
\BOOKMARK [0][-]{chapter.2}{CUDA Intro}{}
\BOOKMARK [1][-]{section.2.1}{An Example of Vector Addition}{chapter.2}
\BOOKMARK [1][-]{section.2.2}{Vector Addition with Blocks}{chapter.2}
\BOOKMARK [1][-]{section.2.3}{Vector Addition with Blocks and Threads}{chapter.2}
\BOOKMARK [0][-]{chapter.3}{Thread Advance}{}
\BOOKMARK [1][-]{section.3.1}{Vector Dot Product}{chapter.3}
\BOOKMARK [1][-]{section.3.2}{Vector Dot Product with Reduction}{chapter.3}
\BOOKMARK [0][-]{chapter.4}{CUDA in Two-dimension}{}
\BOOKMARK [1][-]{section.4.1}{An Example of Matrix Multiplication}{chapter.4}
\BOOKMARK [1][-]{section.4.2}{Global Memory Version}{chapter.4}
\BOOKMARK [1][-]{section.4.3}{CUDA Memory Types}{chapter.4}
\BOOKMARK [1][-]{section.4.4}{Shared Memory Version}{chapter.4}
\BOOKMARK [0][-]{chapter.5}{Ray Tracing and Constant Memory}{}
\BOOKMARK [1][-]{section.5.1}{Basics of Ray Tracing}{chapter.5}
\BOOKMARK [1][-]{section.5.2}{Notes for Compile}{chapter.5}
\BOOKMARK [1][-]{section.5.3}{Ray Tracing Without Constant Memory}{chapter.5}
\BOOKMARK [1][-]{section.5.4}{Constant Memory}{chapter.5}
\BOOKMARK [1][-]{section.5.5}{Ray Tracing With Constant Memory}{chapter.5}
\BOOKMARK [0][-]{chapter.6}{Streams}{}
\BOOKMARK [1][-]{section.6.1}{Virtual Memory and Paging}{chapter.6}
\BOOKMARK [1][-]{section.6.2}{Pageable Host Memory and Page-locked Host Memory}{chapter.6}
\BOOKMARK [1][-]{section.6.3}{CUDA Streams}{chapter.6}
