\BOOKMARK [0][-]{chapter.1}{Using Parallelism to Analyze Very Large Files: Google's Map Reduce Paradigm}{}
\BOOKMARK [1][-]{section.1.1}{Introduction}{chapter.1}
\BOOKMARK [1][-]{section.1.2}{Description of the MapReduce programming model}{chapter.1}
\BOOKMARK [0][-]{chapter.2}{Using WebMapReduce \(WMR\)}{}
\BOOKMARK [1][-]{section.2.1}{Introduction}{chapter.2}
\BOOKMARK [1][-]{section.2.2}{An example of map-reduce computing with WMR: counting words}{chapter.2}
\BOOKMARK [1][-]{section.2.3}{The mapper function}{chapter.2}
\BOOKMARK [1][-]{section.2.4}{The reducer function}{chapter.2}
\BOOKMARK [1][-]{section.2.5}{Running the example code on WebMapReduce}{chapter.2}
\BOOKMARK [1][-]{section.2.6}{Using WMR and its test mode}{chapter.2}
\BOOKMARK [1][-]{section.2.7}{Next Steps}{chapter.2}
\BOOKMARK [1][-]{section.2.8}{Additional Notes}{chapter.2}
\BOOKMARK [0][-]{chapter.3}{WebMapReduce Activities}{}
\BOOKMARK [1][-]{section.3.1}{Poker Hands}{chapter.3}
\BOOKMARK [1][-]{section.3.2}{Car Information}{chapter.3}
\BOOKMARK [1][-]{section.3.3}{Movie Data}{chapter.3}
\BOOKMARK [1][-]{section.3.4}{Flight Data}{chapter.3}
\BOOKMARK [1][-]{section.3.5}{Google N-Grams}{chapter.3}
\BOOKMARK [1][-]{section.3.6}{Google Fusion Tables}{chapter.3}
\BOOKMARK [1][-]{section.3.7}{Merging Tables}{chapter.3}
