\BOOKMARK [0][-]{chapter.1}{Instructor/Student Notes}{}% 1
\BOOKMARK [1][-]{section.1.1}{Files to try on your cluster}{chapter.1}% 2
\BOOKMARK [0][-]{chapter.2}{Introduction to Cluster Computing}{}% 3
\BOOKMARK [1][-]{section.2.1}{First, two parallel programming models}{chapter.2}% 4
\BOOKMARK [1][-]{section.2.2}{Clusters of Computers}{chapter.2}% 5
\BOOKMARK [0][-]{chapter.3}{Local Cluster Configurations}{}% 6
\BOOKMARK [1][-]{section.3.1}{LittleFe}{chapter.3}% 7
\BOOKMARK [1][-]{section.3.2}{Selkie}{chapter.3}% 8
\BOOKMARK [0][-]{chapter.4}{Introduction to MPI}{}% 9
\BOOKMARK [1][-]{section.4.1}{What is MPI ?}{chapter.4}% 10
\BOOKMARK [1][-]{section.4.2}{Why MPI ?}{chapter.4}% 11
\BOOKMARK [1][-]{section.4.3}{How do I write an MPI program ?}{chapter.4}% 12
\BOOKMARK [0][-]{chapter.5}{MPI Communications}{}% 13
\BOOKMARK [1][-]{section.5.1}{Point-to-point Communication}{chapter.5}% 14
\BOOKMARK [1][-]{section.5.2}{Collective Communication}{chapter.5}% 15
\BOOKMARK [1][-]{section.5.3}{Let's Try It}{chapter.5}% 16
\BOOKMARK [0][-]{chapter.6}{Compiling and First Two Activites}{}% 17
\BOOKMARK [1][-]{section.6.1}{Compiling an MPI program}{chapter.6}% 18
\BOOKMARK [1][-]{section.6.2}{Try the simple examples}{chapter.6}% 19
\BOOKMARK [1][-]{section.6.3}{Activity 1: Computing \040?}{chapter.6}% 20
\BOOKMARK [1][-]{section.6.4}{Activity 2: Vector Matrix Multiplication}{chapter.6}% 21
\BOOKMARK [0][-]{chapter.7}{Decomposition and Two Advanced Activities}{}% 22
\BOOKMARK [1][-]{section.7.1}{Example 3: Decompose the matrix by row}{chapter.7}% 23
